<?xml version="1.0" encoding="UTF-8"?>
<testng-results skipped="0" failed="4" ignored="0" total="11" passed="7">
  <reporter-output>
  </reporter-output>
  <suite name="Suite" duration-ms="89385" started-at="2019-09-07T16:47:35Z" finished-at="2019-09-07T16:49:04Z">
    <groups>
    </groups>
    <test name="Test" duration-ms="89385" started-at="2019-09-07T16:47:35Z" finished-at="2019-09-07T16:49:04Z">
      <class name="testcases.CruiseBookingTests">
        <test-method status="PASS" signature="getURL()[pri:0, instance:testcases.CruiseBookingTests@670b40af]" name="getURL" is-config="true" duration-ms="5236" started-at="2019-09-07T16:48:12Z" finished-at="2019-09-07T16:48:18Z">
          <reporter-output>
          </reporter-output>
        </test-method> <!-- getURL -->
        <test-method status="PASS" signature="logonUser()[pri:0, instance:testcases.CruiseBookingTests@670b40af]" name="logonUser" is-config="true" duration-ms="4929" started-at="2019-09-07T16:48:18Z" finished-at="2019-09-07T16:48:23Z">
          <reporter-output>
          </reporter-output>
        </test-method> <!-- logonUser -->
        <test-method status="PASS" signature="testBookCruise()[pri:0, instance:testcases.CruiseBookingTests@670b40af]" name="testBookCruise" duration-ms="543" started-at="2019-09-07T16:48:23Z" finished-at="2019-09-07T16:48:23Z">
          <reporter-output>
          </reporter-output>
        </test-method> <!-- testBookCruise -->
        <test-method status="PASS" signature="afterMethod()[pri:0, instance:testcases.CruiseBookingTests@670b40af]" name="afterMethod" is-config="true" duration-ms="843" started-at="2019-09-07T16:48:23Z" finished-at="2019-09-07T16:48:24Z">
          <reporter-output>
          </reporter-output>
        </test-method> <!-- afterMethod -->
      </class> <!-- testcases.CruiseBookingTests -->
      <class name="testcases.MenuLinkTests">
        <test-method status="PASS" signature="beforeClass()[pri:0, instance:testcases.MenuLinkTests@4923ab24]" name="beforeClass" is-config="true" duration-ms="5190" started-at="2019-09-07T16:48:24Z" finished-at="2019-09-07T16:48:29Z">
          <reporter-output>
          </reporter-output>
        </test-method> <!-- beforeClass -->
        <test-method status="PASS" signature="logonUser()[pri:0, instance:testcases.MenuLinkTests@4923ab24]" name="logonUser" is-config="true" duration-ms="317" started-at="2019-09-07T16:48:29Z" finished-at="2019-09-07T16:48:29Z">
          <reporter-output>
          </reporter-output>
        </test-method> <!-- logonUser -->
        <test-method status="FAIL" signature="testCarRentalsLink()[pri:0, instance:testcases.MenuLinkTests@4923ab24]" name="testCarRentalsLink" duration-ms="568" started-at="2019-09-07T16:48:29Z" finished-at="2019-09-07T16:48:30Z">
          <exception class="java.lang.IllegalStateException">
            <message>
              <![CDATA[The Car Rentals page is not displayed.]]>
            </message>
            <full-stacktrace>
              <![CDATA[java.lang.IllegalStateException: The Car Rentals page is not displayed.
at testcases.MenuLinkTests.testCarRentalsLink(MenuLinkTests.java:86)
at sun.reflect.NativeMethodAccessorImpl.invoke0(Native Method)
at sun.reflect.NativeMethodAccessorImpl.invoke(NativeMethodAccessorImpl.java:62)
at sun.reflect.DelegatingMethodAccessorImpl.invoke(DelegatingMethodAccessorImpl.java:43)
at java.lang.reflect.Method.invoke(Method.java:498)
at org.testng.internal.MethodInvocationHelper.invokeMethod(MethodInvocationHelper.java:124)
at org.testng.internal.Invoker.invokeMethod(Invoker.java:580)
at org.testng.internal.Invoker.invokeTestMethod(Invoker.java:716)
at org.testng.internal.Invoker.invokeTestMethods(Invoker.java:988)
at org.testng.internal.TestMethodWorker.invokeTestMethods(TestMethodWorker.java:125)
at org.testng.internal.TestMethodWorker.run(TestMethodWorker.java:109)
at org.testng.TestRunner.privateRun(TestRunner.java:648)
at org.testng.TestRunner.run(TestRunner.java:505)
at org.testng.SuiteRunner.runTest(SuiteRunner.java:455)
at org.testng.SuiteRunner.runSequentially(SuiteRunner.java:450)
at org.testng.SuiteRunner.privateRun(SuiteRunner.java:415)
at org.testng.SuiteRunner.run(SuiteRunner.java:364)
at org.testng.SuiteRunnerWorker.runSuite(SuiteRunnerWorker.java:52)
at org.testng.SuiteRunnerWorker.run(SuiteRunnerWorker.java:84)
at org.testng.TestNG.runSuitesSequentially(TestNG.java:1208)
at org.testng.TestNG.runSuitesLocally(TestNG.java:1137)
at org.testng.TestNG.runSuites(TestNG.java:1049)
at org.testng.TestNG.run(TestNG.java:1017)
at org.testng.remote.AbstractRemoteTestNG.run(AbstractRemoteTestNG.java:114)
at org.testng.remote.RemoteTestNG.initAndRun(RemoteTestNG.java:251)
at org.testng.remote.RemoteTestNG.main(RemoteTestNG.java:77)
]]>
            </full-stacktrace>
          </exception> <!-- java.lang.IllegalStateException -->
          <reporter-output>
          </reporter-output>
        </test-method> <!-- testCarRentalsLink -->
        <test-method status="FAIL" signature="testCruisesLink()[pri:0, instance:testcases.MenuLinkTests@4923ab24]" name="testCruisesLink" duration-ms="420" started-at="2019-09-07T16:48:30Z" finished-at="2019-09-07T16:48:30Z">
          <exception class="java.lang.IllegalStateException">
            <message>
              <![CDATA[The Car Rentals page is not displayed.]]>
            </message>
            <full-stacktrace>
              <![CDATA[java.lang.IllegalStateException: The Car Rentals page is not displayed.
at testcases.MenuLinkTests.testCruisesLink(MenuLinkTests.java:106)
at sun.reflect.NativeMethodAccessorImpl.invoke0(Native Method)
at sun.reflect.NativeMethodAccessorImpl.invoke(NativeMethodAccessorImpl.java:62)
at sun.reflect.DelegatingMethodAccessorImpl.invoke(DelegatingMethodAccessorImpl.java:43)
at java.lang.reflect.Method.invoke(Method.java:498)
at org.testng.internal.MethodInvocationHelper.invokeMethod(MethodInvocationHelper.java:124)
at org.testng.internal.Invoker.invokeMethod(Invoker.java:580)
at org.testng.internal.Invoker.invokeTestMethod(Invoker.java:716)
at org.testng.internal.Invoker.invokeTestMethods(Invoker.java:988)
at org.testng.internal.TestMethodWorker.invokeTestMethods(TestMethodWorker.java:125)
at org.testng.internal.TestMethodWorker.run(TestMethodWorker.java:109)
at org.testng.TestRunner.privateRun(TestRunner.java:648)
at org.testng.TestRunner.run(TestRunner.java:505)
at org.testng.SuiteRunner.runTest(SuiteRunner.java:455)
at org.testng.SuiteRunner.runSequentially(SuiteRunner.java:450)
at org.testng.SuiteRunner.privateRun(SuiteRunner.java:415)
at org.testng.SuiteRunner.run(SuiteRunner.java:364)
at org.testng.SuiteRunnerWorker.runSuite(SuiteRunnerWorker.java:52)
at org.testng.SuiteRunnerWorker.run(SuiteRunnerWorker.java:84)
at org.testng.TestNG.runSuitesSequentially(TestNG.java:1208)
at org.testng.TestNG.runSuitesLocally(TestNG.java:1137)
at org.testng.TestNG.runSuites(TestNG.java:1049)
at org.testng.TestNG.run(TestNG.java:1017)
at org.testng.remote.AbstractRemoteTestNG.run(AbstractRemoteTestNG.java:114)
at org.testng.remote.RemoteTestNG.initAndRun(RemoteTestNG.java:251)
at org.testng.remote.RemoteTestNG.main(RemoteTestNG.java:77)
]]>
            </full-stacktrace>
          </exception> <!-- java.lang.IllegalStateException -->
          <reporter-output>
          </reporter-output>
        </test-method> <!-- testCruisesLink -->
        <test-method status="PASS" signature="testDestinationsLink()[pri:0, instance:testcases.MenuLinkTests@4923ab24]" name="testDestinationsLink" duration-ms="1" started-at="2019-09-07T16:48:30Z" finished-at="2019-09-07T16:48:30Z">
          <reporter-output>
          </reporter-output>
        </test-method> <!-- testDestinationsLink -->
        <test-method status="FAIL" signature="testFlightsLink()[pri:0, instance:testcases.MenuLinkTests@4923ab24]" name="testFlightsLink" duration-ms="31881" started-at="2019-09-07T16:48:30Z" finished-at="2019-09-07T16:49:02Z">
          <exception class="java.lang.IllegalStateException">
            <message>
              <![CDATA[The Flight Finders page is not displayed.]]>
            </message>
            <full-stacktrace>
              <![CDATA[java.lang.IllegalStateException: The Flight Finders page is not displayed.
at testcases.MenuLinkTests.testFlightsLink(MenuLinkTests.java:43)
at sun.reflect.NativeMethodAccessorImpl.invoke0(Native Method)
at sun.reflect.NativeMethodAccessorImpl.invoke(NativeMethodAccessorImpl.java:62)
at sun.reflect.DelegatingMethodAccessorImpl.invoke(DelegatingMethodAccessorImpl.java:43)
at java.lang.reflect.Method.invoke(Method.java:498)
at org.testng.internal.MethodInvocationHelper.invokeMethod(MethodInvocationHelper.java:124)
at org.testng.internal.Invoker.invokeMethod(Invoker.java:580)
at org.testng.internal.Invoker.invokeTestMethod(Invoker.java:716)
at org.testng.internal.Invoker.invokeTestMethods(Invoker.java:988)
at org.testng.internal.TestMethodWorker.invokeTestMethods(TestMethodWorker.java:125)
at org.testng.internal.TestMethodWorker.run(TestMethodWorker.java:109)
at org.testng.TestRunner.privateRun(TestRunner.java:648)
at org.testng.TestRunner.run(TestRunner.java:505)
at org.testng.SuiteRunner.runTest(SuiteRunner.java:455)
at org.testng.SuiteRunner.runSequentially(SuiteRunner.java:450)
at org.testng.SuiteRunner.privateRun(SuiteRunner.java:415)
at org.testng.SuiteRunner.run(SuiteRunner.java:364)
at org.testng.SuiteRunnerWorker.runSuite(SuiteRunnerWorker.java:52)
at org.testng.SuiteRunnerWorker.run(SuiteRunnerWorker.java:84)
at org.testng.TestNG.runSuitesSequentially(TestNG.java:1208)
at org.testng.TestNG.runSuitesLocally(TestNG.java:1137)
at org.testng.TestNG.runSuites(TestNG.java:1049)
at org.testng.TestNG.run(TestNG.java:1017)
at org.testng.remote.AbstractRemoteTestNG.run(AbstractRemoteTestNG.java:114)
at org.testng.remote.RemoteTestNG.initAndRun(RemoteTestNG.java:251)
at org.testng.remote.RemoteTestNG.main(RemoteTestNG.java:77)
]]>
            </full-stacktrace>
          </exception> <!-- java.lang.IllegalStateException -->
          <reporter-output>
          </reporter-output>
        </test-method> <!-- testFlightsLink -->
        <test-method status="PASS" signature="testHomeLink()[pri:0, instance:testcases.MenuLinkTests@4923ab24]" name="testHomeLink" duration-ms="1" started-at="2019-09-07T16:49:02Z" finished-at="2019-09-07T16:49:02Z">
          <reporter-output>
          </reporter-output>
        </test-method> <!-- testHomeLink -->
        <test-method status="FAIL" signature="testHotelsLink()[pri:0, instance:testcases.MenuLinkTests@4923ab24]" name="testHotelsLink" duration-ms="823" started-at="2019-09-07T16:49:02Z" finished-at="2019-09-07T16:49:03Z">
          <exception class="java.lang.IllegalStateException">
            <message>
              <![CDATA[The Hotels page is not displayed.]]>
            </message>
            <full-stacktrace>
              <![CDATA[java.lang.IllegalStateException: The Hotels page is not displayed.
at testcases.MenuLinkTests.testHotelsLink(MenuLinkTests.java:65)
at sun.reflect.NativeMethodAccessorImpl.invoke0(Native Method)
at sun.reflect.NativeMethodAccessorImpl.invoke(NativeMethodAccessorImpl.java:62)
at sun.reflect.DelegatingMethodAccessorImpl.invoke(DelegatingMethodAccessorImpl.java:43)
at java.lang.reflect.Method.invoke(Method.java:498)
at org.testng.internal.MethodInvocationHelper.invokeMethod(MethodInvocationHelper.java:124)
at org.testng.internal.Invoker.invokeMethod(Invoker.java:580)
at org.testng.internal.Invoker.invokeTestMethod(Invoker.java:716)
at org.testng.internal.Invoker.invokeTestMethods(Invoker.java:988)
at org.testng.internal.TestMethodWorker.invokeTestMethods(TestMethodWorker.java:125)
at org.testng.internal.TestMethodWorker.run(TestMethodWorker.java:109)
at org.testng.TestRunner.privateRun(TestRunner.java:648)
at org.testng.TestRunner.run(TestRunner.java:505)
at org.testng.SuiteRunner.runTest(SuiteRunner.java:455)
at org.testng.SuiteRunner.runSequentially(SuiteRunner.java:450)
at org.testng.SuiteRunner.privateRun(SuiteRunner.java:415)
at org.testng.SuiteRunner.run(SuiteRunner.java:364)
at org.testng.SuiteRunnerWorker.runSuite(SuiteRunnerWorker.java:52)
at org.testng.SuiteRunnerWorker.run(SuiteRunnerWorker.java:84)
at org.testng.TestNG.runSuitesSequentially(TestNG.java:1208)
at org.testng.TestNG.runSuitesLocally(TestNG.java:1137)
at org.testng.TestNG.runSuites(TestNG.java:1049)
at org.testng.TestNG.run(TestNG.java:1017)
at org.testng.remote.AbstractRemoteTestNG.run(AbstractRemoteTestNG.java:114)
at org.testng.remote.RemoteTestNG.initAndRun(RemoteTestNG.java:251)
at org.testng.remote.RemoteTestNG.main(RemoteTestNG.java:77)
]]>
            </full-stacktrace>
          </exception> <!-- java.lang.IllegalStateException -->
          <reporter-output>
          </reporter-output>
        </test-method> <!-- testHotelsLink -->
        <test-method status="PASS" signature="testVacationsLink()[pri:0, instance:testcases.MenuLinkTests@4923ab24]" name="testVacationsLink" duration-ms="1" started-at="2019-09-07T16:49:03Z" finished-at="2019-09-07T16:49:03Z">
          <reporter-output>
          </reporter-output>
        </test-method> <!-- testVacationsLink -->
        <test-method status="PASS" signature="afterTest()[pri:0, instance:testcases.MenuLinkTests@4923ab24]" name="afterTest" is-config="true" duration-ms="884" started-at="2019-09-07T16:49:03Z" finished-at="2019-09-07T16:49:04Z">
          <reporter-output>
          </reporter-output>
        </test-method> <!-- afterTest -->
      </class> <!-- testcases.MenuLinkTests -->
      <class name="testcases.FlightBookingTests">
        <test-method status="PASS" signature="getURL()[pri:0, instance:testcases.FlightBookingTests@27f723]" name="getURL" is-config="true" duration-ms="5657" started-at="2019-09-07T16:48:00Z" finished-at="2019-09-07T16:48:05Z">
          <reporter-output>
          </reporter-output>
        </test-method> <!-- getURL -->
        <test-method status="PASS" signature="logonUser()[pri:0, instance:testcases.FlightBookingTests@27f723]" name="logonUser" is-config="true" duration-ms="4868" started-at="2019-09-07T16:48:05Z" finished-at="2019-09-07T16:48:10Z">
          <reporter-output>
          </reporter-output>
        </test-method> <!-- logonUser -->
        <test-method status="PASS" signature="testBookFlight()[pri:0, instance:testcases.FlightBookingTests@27f723]" name="testBookFlight" duration-ms="1238" started-at="2019-09-07T16:48:10Z" finished-at="2019-09-07T16:48:12Z">
          <reporter-output>
          </reporter-output>
        </test-method> <!-- testBookFlight -->
        <test-method status="PASS" signature="afterMethod()[pri:0, instance:testcases.FlightBookingTests@27f723]" name="afterMethod" is-config="true" duration-ms="888" started-at="2019-09-07T16:48:12Z" finished-at="2019-09-07T16:48:12Z">
          <reporter-output>
          </reporter-output>
        </test-method> <!-- afterMethod -->
      </class> <!-- testcases.FlightBookingTests -->
      <class name="testcases.RegistrationAndLoginTests">
        <test-method status="PASS" signature="beforeMethod()[pri:0, instance:testcases.RegistrationAndLoginTests@5f3a4b84]" name="beforeMethod" is-config="true" duration-ms="6516" started-at="2019-09-07T16:47:35Z" finished-at="2019-09-07T16:47:41Z">
          <reporter-output>
          </reporter-output>
        </test-method> <!-- beforeMethod -->
        <test-method status="PASS" signature="logonUser()[pri:0, instance:testcases.RegistrationAndLoginTests@5f3a4b84]" name="logonUser" duration-ms="4424" started-at="2019-09-07T16:47:41Z" finished-at="2019-09-07T16:47:46Z">
          <reporter-output>
          </reporter-output>
        </test-method> <!-- logonUser -->
        <test-method status="PASS" signature="afterMethod()[pri:0, instance:testcases.RegistrationAndLoginTests@5f3a4b84]" name="afterMethod" is-config="true" duration-ms="961" started-at="2019-09-07T16:47:46Z" finished-at="2019-09-07T16:47:47Z">
          <reporter-output>
          </reporter-output>
        </test-method> <!-- afterMethod -->
        <test-method status="PASS" signature="beforeMethod()[pri:0, instance:testcases.RegistrationAndLoginTests@5f3a4b84]" name="beforeMethod" is-config="true" duration-ms="5188" started-at="2019-09-07T16:47:47Z" finished-at="2019-09-07T16:47:52Z">
          <reporter-output>
          </reporter-output>
        </test-method> <!-- beforeMethod -->
        <test-method status="PASS" signature="testRegisterUser()[pri:0, instance:testcases.RegistrationAndLoginTests@5f3a4b84]" name="testRegisterUser" duration-ms="7092" started-at="2019-09-07T16:47:52Z" finished-at="2019-09-07T16:47:59Z">
          <reporter-output>
          </reporter-output>
        </test-method> <!-- testRegisterUser -->
        <test-method status="PASS" signature="afterMethod()[pri:0, instance:testcases.RegistrationAndLoginTests@5f3a4b84]" name="afterMethod" is-config="true" duration-ms="851" started-at="2019-09-07T16:47:59Z" finished-at="2019-09-07T16:48:00Z">
          <reporter-output>
          </reporter-output>
        </test-method> <!-- afterMethod -->
      </class> <!-- testcases.RegistrationAndLoginTests -->
    </test> <!-- Test -->
  </suite> <!-- Suite -->
</testng-results>
